<?xml version="1.0" encoding="UTF-8"?>
<testng-results ignored="0" total="3" passed="3" failed="0" skipped="0">
  <reporter-output>
    <line>
      <![CDATA[Setting up reports and test is getting ready]]>
    </line>
    <line>
      <![CDATA[Setting Done - Test can be started]]>
    </line>
    <line>
      <![CDATA[Tring to start Broswser and Getting application ready]]>
    </line>
    <line>
      <![CDATA[Browser and application is up and running ]]>
    </line>
    <line>
      <![CDATA[Test is about to end]]>
    </line>
    <line>
      <![CDATA[Test completed >> Report Generated]]>
    </line>
    <line>
      <![CDATA[Test is about to end]]>
    </line>
    <line>
      <![CDATA[Test completed >> Report Generated]]>
    </line>
    <line>
      <![CDATA[Test is about to end]]>
    </line>
    <line>
      <![CDATA[Test completed >> Report Generated]]>
    </line>
  </reporter-output>
  <suite started-at="2022-02-24T14:14:22 IST" name="Default suite" finished-at="2022-02-24T14:16:00 IST" duration-ms="97822">
    <groups>
    </groups>
    <test started-at="2022-02-24T14:14:22 IST" name="Default test" finished-at="2022-02-24T14:16:00 IST" duration-ms="97822">
      <class name="com.Swarmio.TestCases.Swarmio_Login_Test">
        <test-method is-config="true" signature="setUpexcelSuite()[pri:0, instance:com.Swarmio.TestCases.Swarmio_Login_Test@4562e04d]" started-at="2022-02-24T14:14:22 IST" name="setUpexcelSuite" finished-at="2022-02-24T14:14:22 IST" duration-ms="618" status="PASS">
          <reporter-output>
            <line>
              <![CDATA[Setting up reports and test is getting ready]]>
            </line>
            <line>
              <![CDATA[Setting Done - Test can be started]]>
            </line>
          </reporter-output>
        </test-method> <!-- setUpexcelSuite -->
        <test-method is-config="true" signature="setup()[pri:0, instance:com.Swarmio.TestCases.Swarmio_Login_Test@4562e04d]" started-at="2022-02-24T14:14:23 IST" name="setup" finished-at="2022-02-24T14:14:55 IST" duration-ms="32208" status="PASS">
          <reporter-output>
            <line>
              <![CDATA[Tring to start Broswser and Getting application ready]]>
            </line>
            <line>
              <![CDATA[Browser and application is up and running ]]>
            </line>
          </reporter-output>
        </test-method> <!-- setup -->
        <test-method signature="CheckIncorrectEmailValidation()[pri:1, instance:com.Swarmio.TestCases.Swarmio_Login_Test@4562e04d]" started-at="2022-02-24T14:14:55 IST" name="CheckIncorrectEmailValidation" finished-at="2022-02-24T14:15:06 IST" duration-ms="11595" status="PASS">
          <reporter-output>
          </reporter-output>
        </test-method> <!-- CheckIncorrectEmailValidation -->
        <test-method is-config="true" signature="tearDownMethod(org.testng.ITestResult)[pri:0, instance:com.Swarmio.TestCases.Swarmio_Login_Test@4562e04d]" started-at="2022-02-24T14:15:06 IST" name="tearDownMethod" finished-at="2022-02-24T14:15:07 IST" duration-ms="591" status="PASS">
          <params>
            <param index="0">
              <value>
                <![CDATA[[TestResult name=CheckIncorrectEmailValidation status=SUCCESS method=Swarmio_Login_Test.CheckIncorrectEmailValidation()[pri:1, instance:com.Swarmio.TestCases.Swarmio_Login_Test@4562e04d] output={null}]]]>
              </value>
            </param>
          </params>
          <reporter-output>
            <line>
              <![CDATA[Test is about to end]]>
            </line>
            <line>
              <![CDATA[Test completed >> Report Generated]]>
            </line>
          </reporter-output>
        </test-method> <!-- tearDownMethod -->
        <test-method signature="CheckEmptyPasswordValidation()[pri:2, instance:com.Swarmio.TestCases.Swarmio_Login_Test@4562e04d]" started-at="2022-02-24T14:15:07 IST" name="CheckEmptyPasswordValidation" finished-at="2022-02-24T14:15:18 IST" duration-ms="11441" status="PASS">
          <reporter-output>
          </reporter-output>
        </test-method> <!-- CheckEmptyPasswordValidation -->
        <test-method is-config="true" signature="tearDownMethod(org.testng.ITestResult)[pri:0, instance:com.Swarmio.TestCases.Swarmio_Login_Test@4562e04d]" started-at="2022-02-24T14:15:18 IST" name="tearDownMethod" finished-at="2022-02-24T14:15:19 IST" duration-ms="357" status="PASS">
          <params>
            <param index="0">
              <value>
                <![CDATA[[TestResult name=CheckEmptyPasswordValidation status=SUCCESS method=Swarmio_Login_Test.CheckEmptyPasswordValidation()[pri:2, instance:com.Swarmio.TestCases.Swarmio_Login_Test@4562e04d] output={null}]]]>
              </value>
            </param>
          </params>
          <reporter-output>
            <line>
              <![CDATA[Test is about to end]]>
            </line>
            <line>
              <![CDATA[Test completed >> Report Generated]]>
            </line>
          </reporter-output>
        </test-method> <!-- tearDownMethod -->
        <test-method signature="LogintoApplication()[pri:3, instance:com.Swarmio.TestCases.Swarmio_Login_Test@4562e04d]" started-at="2022-02-24T14:15:19 IST" name="LogintoApplication" finished-at="2022-02-24T14:16:00 IST" duration-ms="41447" status="PASS">
          <reporter-output>
          </reporter-output>
        </test-method> <!-- LogintoApplication -->
        <test-method is-config="true" signature="tearDownMethod(org.testng.ITestResult)[pri:0, instance:com.Swarmio.TestCases.Swarmio_Login_Test@4562e04d]" started-at="2022-02-24T14:16:00 IST" name="tearDownMethod" finished-at="2022-02-24T14:16:00 IST" duration-ms="153" status="PASS">
          <params>
            <param index="0">
              <value>
                <![CDATA[[TestResult name=LogintoApplication status=SUCCESS method=Swarmio_Login_Test.LogintoApplication()[pri:3, instance:com.Swarmio.TestCases.Swarmio_Login_Test@4562e04d] output={null}]]]>
              </value>
            </param>
          </params>
          <reporter-output>
            <line>
              <![CDATA[Test is about to end]]>
            </line>
            <line>
              <![CDATA[Test completed >> Report Generated]]>
            </line>
          </reporter-output>
        </test-method> <!-- tearDownMethod -->
      </class> <!-- com.Swarmio.TestCases.Swarmio_Login_Test -->
    </test> <!-- Default test -->
  </suite> <!-- Default suite -->
</testng-results>
