<?xml version="1.0" encoding="UTF-8"?>
<!-- Generated by org.testng.reporters.JUnitXMLReporter -->
<testsuite ignored="0" hostname="DESKTOP-8GE107Q" failures="0" tests="3" name="Default test" time="97.822" errors="0" timestamp="2022-02-24T14:16:00 IST">
  <testcase classname="com.Swarmio.TestCases.Swarmio_Login_Test" name="CheckIncorrectEmailValidation" time="11.595"/>
  <testcase classname="com.Swarmio.TestCases.Swarmio_Login_Test" name="CheckEmptyPasswordValidation" time="11.441"/>
  <testcase classname="com.Swarmio.TestCases.Swarmio_Login_Test" name="LogintoApplication" time="41.447"/>
</testsuite> <!-- Default test -->
