<?xml version="1.0" encoding="UTF-8"?>
<!-- Generated by org.testng.reporters.JUnitXMLReporter -->
<testsuite ignored="0" hostname="DESKTOP-8GE107Q" failures="0" tests="3" name="Default test" time="93.862" errors="0" timestamp="2022-02-28T15:27:51 IST">
  <testcase classname="com.Swarmio.TestCases.Swarmio_Login_Test" name="CheckIncorrectEmailValidation" time="11.643"/>
  <testcase classname="com.Swarmio.TestCases.Swarmio_Login_Test" name="CheckEmptyPasswordValidation" time="11.412"/>
  <testcase classname="com.Swarmio.TestCases.Swarmio_Login_Test" name="LogintoApplication" time="41.452"/>
</testsuite> <!-- Default test -->
